2025-10-21 09:11:47 [background-preinit] INFO  o.h.validator.internal.util.Version - HV000001: Hibernate Validator 8.0.3.Final
2025-10-21 09:11:47 [restartedMain] INFO  com.vanchuyen.VanchuyenApplication - Starting VanchuyenApplication using Java 21.0.7 with PID 11508 (D:\hocJava\vanchuyen\target\classes started by LENOVO in D:\hocJava\vanchuyen)
2025-10-21 09:11:47 [restartedMain] DEBUG com.vanchuyen.VanchuyenApplication - Running with Spring Boot v3.5.6, Spring v6.2.11
2025-10-21 09:11:47 [restartedMain] INFO  com.vanchuyen.VanchuyenApplication - No active profile set, falling back to 1 default profile: "default"
2025-10-21 09:11:47 [restartedMain] INFO  o.s.b.d.e.DevToolsPropertyDefaultsPostProcessor - Devtools property defaults active! Set 'spring.devtools.add-properties' to 'false' to disable
2025-10-21 09:11:47 [restartedMain] INFO  o.s.b.d.e.DevToolsPropertyDefaultsPostProcessor - For additional web related logging consider setting the 'logging.level.web' property to 'DEBUG'
2025-10-21 09:11:51 [restartedMain] INFO  o.s.d.r.c.RepositoryConfigurationDelegate - Bootstrapping Spring Data JPA repositories in DEFAULT mode.
2025-10-21 09:11:52 [restartedMain] INFO  o.s.d.r.c.RepositoryConfigurationDelegate - Finished Spring Data repository scanning in 268 ms. Found 5 JPA repository interfaces.
2025-10-21 09:11:54 [restartedMain] INFO  o.s.b.w.e.tomcat.TomcatWebServer - Tomcat initialized with port 8080 (http)
2025-10-21 09:11:54 [restartedMain] INFO  o.a.coyote.http11.Http11NioProtocol - Initializing ProtocolHandler ["http-nio-8080"]
2025-10-21 09:11:54 [restartedMain] INFO  o.a.catalina.core.StandardService - Starting service [Tomcat]
2025-10-21 09:11:54 [restartedMain] INFO  o.a.catalina.core.StandardEngine - Starting Servlet engine: [Apache Tomcat/10.1.46]
2025-10-21 09:11:54 [restartedMain] INFO  o.a.c.c.C.[Tomcat].[localhost].[/] - Initializing Spring embedded WebApplicationContext
2025-10-21 09:11:54 [restartedMain] INFO  o.s.b.w.s.c.ServletWebServerApplicationContext - Root WebApplicationContext: initialization completed in 6888 ms
2025-10-21 09:11:55 [restartedMain] INFO  o.h.jpa.internal.util.LogHelper - HHH000204: Processing PersistenceUnitInfo [name: default]
2025-10-21 09:11:55 [restartedMain] INFO  org.hibernate.Version - HHH000412: Hibernate ORM core version 6.6.29.Final
2025-10-21 09:11:56 [restartedMain] INFO  o.h.c.i.RegionFactoryInitiator - HHH000026: Second-level cache disabled
2025-10-21 09:11:57 [restartedMain] INFO  o.s.o.j.p.SpringPersistenceUnitInfo - No LoadTimeWeaver setup: ignoring JPA class transformer
2025-10-21 09:11:57 [restartedMain] INFO  com.zaxxer.hikari.HikariDataSource - HikariPool-1 - Starting...
2025-10-21 09:11:59 [restartedMain] INFO  com.zaxxer.hikari.pool.HikariPool - HikariPool-1 - Added connection com.mysql.cj.jdbc.ConnectionImpl@232bc36b
2025-10-21 09:11:59 [restartedMain] INFO  com.zaxxer.hikari.HikariDataSource - HikariPool-1 - Start completed.
2025-10-21 09:12:00 [restartedMain] WARN  org.hibernate.orm.deprecation - HHH90000025: MySQLDialect does not need to be specified explicitly using 'hibernate.dialect' (remove the property setting and it will be selected by default)
2025-10-21 09:12:00 [restartedMain] INFO  o.hibernate.orm.connections.pooling - HHH10001005: Database info:
	Database JDBC URL [Connecting through datasource 'HikariDataSource (HikariPool-1)']
	Database driver: undefined/unknown
	Database version: 8.0.30
	Autocommit mode: undefined/unknown
	Isolation level: undefined/unknown
	Minimum pool size: undefined/unknown
	Maximum pool size: undefined/unknown
2025-10-21 09:12:04 [restartedMain] INFO  o.h.e.t.j.p.i.JtaPlatformInitiator - HHH000489: No JTA platform available (set 'hibernate.transaction.jta.platform' to enable JTA platform integration)
2025-10-21 09:12:04 [restartedMain] INFO  o.s.o.j.LocalContainerEntityManagerFactoryBean - Initialized JPA EntityManagerFactory for persistence unit 'default'
2025-10-21 09:12:06 [restartedMain] WARN  o.s.b.a.o.j.JpaBaseConfiguration$JpaWebConfiguration - spring.jpa.open-in-view is enabled by default. Therefore, database queries may be performed during view rendering. Explicitly configure spring.jpa.open-in-view to disable this warning
2025-10-21 09:12:08 [restartedMain] INFO  o.s.d.j.r.query.QueryEnhancerFactory - Hibernate is in classpath; If applicable, HQL parser will be used.
2025-10-21 09:12:10 [restartedMain] INFO  o.s.b.d.a.OptionalLiveReloadServer - LiveReload server is running on port 35729
2025-10-21 09:12:10 [restartedMain] INFO  o.a.coyote.http11.Http11NioProtocol - Starting ProtocolHandler ["http-nio-8080"]
2025-10-21 09:12:10 [restartedMain] INFO  o.s.b.w.e.tomcat.TomcatWebServer - Tomcat started on port 8080 (http) with context path '/'
2025-10-21 09:12:10 [restartedMain] INFO  com.vanchuyen.VanchuyenApplication - Started VanchuyenApplication in 25.1 seconds (process running for 28.295)
2025-10-21 09:12:17 [http-nio-8080-exec-1] INFO  o.a.c.c.C.[Tomcat].[localhost].[/] - Initializing Spring DispatcherServlet 'dispatcherServlet'
2025-10-21 09:12:17 [http-nio-8080-exec-1] INFO  o.s.web.servlet.DispatcherServlet - Initializing Servlet 'dispatcherServlet'
2025-10-21 09:12:17 [http-nio-8080-exec-1] INFO  o.s.web.servlet.DispatcherServlet - Completed initialization in 2 ms
2025-10-21 09:12:17 [http-nio-8080-exec-1] DEBUG org.hibernate.SQL - select nd1_0.id,nd1_0.cmnd_cccd,nd1_0.created_at,nd1_0.dia_chi,nd1_0.email,nd1_0.ho_ten,nd1_0.mat_khau,nd1_0.ngay_sinh,nd1_0.so_dien_thoai,nd1_0.tai_khoan,tx1_0.id,tx1_0.created_at,tx1_0.kinh_nghiem_nam,tx1_0.loai_gplx,tx1_0.ma_tai_xe,tx1_0.muc_luong_co_ban,tx1_0.ngay_cap_gplx,tx1_0.ngay_het_han_gplx,tx1_0.so_gplx,tx1_0.trang_thai_lam_viec,tx1_0.updated_at,nd1_0.trang_thai,nd1_0.updated_at from nguoi_dung nd1_0 left join tai_xe tx1_0 on nd1_0.id=tx1_0.id where nd1_0.id=?
2025-10-21 09:12:18 [http-nio-8080-exec-1] DEBUG org.hibernate.SQL - delete from nguoi_dung where id=?
2025-10-21 09:12:23 [http-nio-8080-exec-3] DEBUG org.hibernate.SQL - select nd1_0.id,nd1_0.cmnd_cccd,nd1_0.created_at,nd1_0.dia_chi,nd1_0.email,nd1_0.ho_ten,nd1_0.mat_khau,nd1_0.ngay_sinh,nd1_0.so_dien_thoai,nd1_0.tai_khoan,tx1_0.id,tx1_0.created_at,tx1_0.kinh_nghiem_nam,tx1_0.loai_gplx,tx1_0.ma_tai_xe,tx1_0.muc_luong_co_ban,tx1_0.ngay_cap_gplx,tx1_0.ngay_het_han_gplx,tx1_0.so_gplx,tx1_0.trang_thai_lam_viec,tx1_0.updated_at,nd1_0.trang_thai,nd1_0.updated_at from nguoi_dung nd1_0 left join tai_xe tx1_0 on nd1_0.id=tx1_0.id where nd1_0.id=?
2025-10-21 09:12:23 [http-nio-8080-exec-3] WARN  o.s.w.s.m.m.a.ExceptionHandlerExceptionResolver - Resolved [com.vanchuyen.exception.AppException: Người dùng không tìm thấy]
2025-10-21 09:14:21 [background-preinit] INFO  o.h.validator.internal.util.Version - HV000001: Hibernate Validator 8.0.3.Final
2025-10-21 09:14:21 [restartedMain] INFO  com.vanchuyen.VanchuyenApplication - Starting VanchuyenApplication using Java 21.0.7 with PID 19396 (D:\hocJava\vanchuyen\target\classes started by LENOVO in D:\hocJava\vanchuyen)
2025-10-21 09:14:21 [restartedMain] DEBUG com.vanchuyen.VanchuyenApplication - Running with Spring Boot v3.5.6, Spring v6.2.11
2025-10-21 09:14:21 [restartedMain] INFO  com.vanchuyen.VanchuyenApplication - No active profile set, falling back to 1 default profile: "default"
2025-10-21 09:14:21 [restartedMain] INFO  o.s.b.d.e.DevToolsPropertyDefaultsPostProcessor - Devtools property defaults active! Set 'spring.devtools.add-properties' to 'false' to disable
2025-10-21 09:14:21 [restartedMain] INFO  o.s.b.d.e.DevToolsPropertyDefaultsPostProcessor - For additional web related logging consider setting the 'logging.level.web' property to 'DEBUG'
2025-10-21 09:14:24 [restartedMain] INFO  o.s.d.r.c.RepositoryConfigurationDelegate - Bootstrapping Spring Data JPA repositories in DEFAULT mode.
2025-10-21 09:14:25 [restartedMain] INFO  o.s.d.r.c.RepositoryConfigurationDelegate - Finished Spring Data repository scanning in 362 ms. Found 5 JPA repository interfaces.
2025-10-21 09:14:27 [restartedMain] INFO  o.s.b.w.e.tomcat.TomcatWebServer - Tomcat initialized with port 8080 (http)
2025-10-21 09:14:27 [restartedMain] INFO  o.a.coyote.http11.Http11NioProtocol - Initializing ProtocolHandler ["http-nio-8080"]
2025-10-21 09:14:27 [restartedMain] INFO  o.a.catalina.core.StandardService - Starting service [Tomcat]
2025-10-21 09:14:27 [restartedMain] INFO  o.a.catalina.core.StandardEngine - Starting Servlet engine: [Apache Tomcat/10.1.46]
2025-10-21 09:14:27 [restartedMain] INFO  o.a.c.c.C.[Tomcat].[localhost].[/] - Initializing Spring embedded WebApplicationContext
2025-10-21 09:14:27 [restartedMain] INFO  o.s.b.w.s.c.ServletWebServerApplicationContext - Root WebApplicationContext: initialization completed in 6528 ms
2025-10-21 09:14:28 [restartedMain] INFO  o.h.jpa.internal.util.LogHelper - HHH000204: Processing PersistenceUnitInfo [name: default]
2025-10-21 09:14:28 [restartedMain] INFO  org.hibernate.Version - HHH000412: Hibernate ORM core version 6.6.29.Final
2025-10-21 09:14:29 [restartedMain] INFO  o.h.c.i.RegionFactoryInitiator - HHH000026: Second-level cache disabled
2025-10-21 09:14:30 [restartedMain] INFO  o.s.o.j.p.SpringPersistenceUnitInfo - No LoadTimeWeaver setup: ignoring JPA class transformer
2025-10-21 09:14:30 [restartedMain] INFO  com.zaxxer.hikari.HikariDataSource - HikariPool-1 - Starting...
2025-10-21 09:14:32 [restartedMain] INFO  com.zaxxer.hikari.pool.HikariPool - HikariPool-1 - Added connection com.mysql.cj.jdbc.ConnectionImpl@3e63597c
2025-10-21 09:14:32 [restartedMain] INFO  com.zaxxer.hikari.HikariDataSource - HikariPool-1 - Start completed.
2025-10-21 09:14:32 [restartedMain] WARN  org.hibernate.orm.deprecation - HHH90000025: MySQLDialect does not need to be specified explicitly using 'hibernate.dialect' (remove the property setting and it will be selected by default)
2025-10-21 09:14:32 [restartedMain] INFO  o.hibernate.orm.connections.pooling - HHH10001005: Database info:
	Database JDBC URL [Connecting through datasource 'HikariDataSource (HikariPool-1)']
	Database driver: undefined/unknown
	Database version: 8.0.30
	Autocommit mode: undefined/unknown
	Isolation level: undefined/unknown
	Minimum pool size: undefined/unknown
	Maximum pool size: undefined/unknown
2025-10-21 09:14:37 [restartedMain] INFO  o.h.e.t.j.p.i.JtaPlatformInitiator - HHH000489: No JTA platform available (set 'hibernate.transaction.jta.platform' to enable JTA platform integration)
2025-10-21 09:14:37 [restartedMain] INFO  o.s.o.j.LocalContainerEntityManagerFactoryBean - Initialized JPA EntityManagerFactory for persistence unit 'default'
2025-10-21 09:14:39 [restartedMain] WARN  o.s.b.a.o.j.JpaBaseConfiguration$JpaWebConfiguration - spring.jpa.open-in-view is enabled by default. Therefore, database queries may be performed during view rendering. Explicitly configure spring.jpa.open-in-view to disable this warning
2025-10-21 09:14:40 [restartedMain] INFO  o.s.d.j.r.query.QueryEnhancerFactory - Hibernate is in classpath; If applicable, HQL parser will be used.
2025-10-21 09:14:43 [restartedMain] INFO  o.s.b.d.a.OptionalLiveReloadServer - LiveReload server is running on port 35729
2025-10-21 09:14:43 [restartedMain] INFO  o.a.coyote.http11.Http11NioProtocol - Starting ProtocolHandler ["http-nio-8080"]
2025-10-21 09:14:43 [restartedMain] INFO  o.s.b.w.e.tomcat.TomcatWebServer - Tomcat started on port 8080 (http) with context path '/'
2025-10-21 09:14:43 [restartedMain] INFO  com.vanchuyen.VanchuyenApplication - Started VanchuyenApplication in 23.76 seconds (process running for 27.224)
2025-10-21 09:15:13 [http-nio-8080-exec-1] INFO  o.a.c.c.C.[Tomcat].[localhost].[/] - Initializing Spring DispatcherServlet 'dispatcherServlet'
2025-10-21 09:15:13 [http-nio-8080-exec-1] INFO  o.s.web.servlet.DispatcherServlet - Initializing Servlet 'dispatcherServlet'
2025-10-21 09:15:13 [http-nio-8080-exec-1] INFO  o.s.web.servlet.DispatcherServlet - Completed initialization in 4 ms
2025-10-21 09:15:13 [http-nio-8080-exec-1] DEBUG org.hibernate.SQL - select nd1_0.id,nd1_0.cmnd_cccd,nd1_0.created_at,nd1_0.dia_chi,nd1_0.email,nd1_0.ho_ten,nd1_0.mat_khau,nd1_0.ngay_sinh,nd1_0.so_dien_thoai,nd1_0.tai_khoan,tx1_0.id,tx1_0.created_at,tx1_0.kinh_nghiem_nam,tx1_0.loai_gplx,tx1_0.ma_tai_xe,tx1_0.muc_luong_co_ban,tx1_0.ngay_cap_gplx,tx1_0.ngay_het_han_gplx,tx1_0.so_gplx,tx1_0.trang_thai_lam_viec,tx1_0.updated_at,nd1_0.trang_thai,nd1_0.updated_at from nguoi_dung nd1_0 left join tai_xe tx1_0 on nd1_0.id=tx1_0.id where nd1_0.id=?
2025-10-21 09:15:13 [http-nio-8080-exec-1] WARN  o.s.w.s.m.m.a.ExceptionHandlerExceptionResolver - Resolved [com.vanchuyen.exception.AppException: Người dùng không tìm thấy]
2025-10-21 09:15:17 [http-nio-8080-exec-4] DEBUG org.hibernate.SQL - select nd1_0.id,nd1_0.cmnd_cccd,nd1_0.created_at,nd1_0.dia_chi,nd1_0.email,nd1_0.ho_ten,nd1_0.mat_khau,nd1_0.ngay_sinh,nd1_0.so_dien_thoai,nd1_0.tai_khoan,tx1_0.id,tx1_0.created_at,tx1_0.kinh_nghiem_nam,tx1_0.loai_gplx,tx1_0.ma_tai_xe,tx1_0.muc_luong_co_ban,tx1_0.ngay_cap_gplx,tx1_0.ngay_het_han_gplx,tx1_0.so_gplx,tx1_0.trang_thai_lam_viec,tx1_0.updated_at,nd1_0.trang_thai,nd1_0.updated_at from nguoi_dung nd1_0 left join tai_xe tx1_0 on nd1_0.id=tx1_0.id where nd1_0.id=?
2025-10-21 09:15:40 [File Watcher] INFO  o.s.b.d.a.LocalDevToolsAutoConfiguration$RestartingClassPathChangeChangedEventListener - Restarting due to 1 class path change (0 additions, 0 deletions, 1 modification)
2025-10-21 09:15:40 [Thread-5] INFO  o.s.b.w.e.tomcat.GracefulShutdown - Commencing graceful shutdown. Waiting for active requests to complete
2025-10-21 09:15:40 [tomcat-shutdown] INFO  o.a.coyote.http11.Http11NioProtocol - Pausing ProtocolHandler ["http-nio-8080"]
2025-10-21 09:15:40 [tomcat-shutdown] INFO  o.s.b.w.e.tomcat.GracefulShutdown - Graceful shutdown complete
2025-10-21 09:15:40 [Thread-5] INFO  o.a.coyote.http11.Http11NioProtocol - Stopping ProtocolHandler ["http-nio-8080"]
2025-10-21 09:15:40 [Thread-5] INFO  o.s.o.j.LocalContainerEntityManagerFactoryBean - Closing JPA EntityManagerFactory for persistence unit 'default'
2025-10-21 09:15:40 [Thread-5] INFO  com.zaxxer.hikari.HikariDataSource - HikariPool-1 - Shutdown initiated...
2025-10-21 09:15:40 [Thread-5] INFO  com.zaxxer.hikari.HikariDataSource - HikariPool-1 - Shutdown completed.
2025-10-21 09:15:41 [restartedMain] INFO  com.vanchuyen.VanchuyenApplication - Starting VanchuyenApplication using Java 21.0.7 with PID 19396 (D:\hocJava\vanchuyen\target\classes started by LENOVO in D:\hocJava\vanchuyen)
2025-10-21 09:15:41 [restartedMain] DEBUG com.vanchuyen.VanchuyenApplication - Running with Spring Boot v3.5.6, Spring v6.2.11
2025-10-21 09:15:41 [restartedMain] INFO  com.vanchuyen.VanchuyenApplication - No active profile set, falling back to 1 default profile: "default"
2025-10-21 09:21:13 [background-preinit] INFO  o.h.validator.internal.util.Version - HV000001: Hibernate Validator 8.0.3.Final
2025-10-21 09:21:13 [restartedMain] INFO  com.vanchuyen.VanchuyenApplication - Starting VanchuyenApplication using Java 21.0.7 with PID 5868 (D:\hocJava\vanchuyen\target\classes started by LENOVO in D:\hocJava\vanchuyen)
2025-10-21 09:21:13 [restartedMain] DEBUG com.vanchuyen.VanchuyenApplication - Running with Spring Boot v3.5.6, Spring v6.2.11
2025-10-21 09:21:13 [restartedMain] INFO  com.vanchuyen.VanchuyenApplication - No active profile set, falling back to 1 default profile: "default"
2025-10-21 09:21:13 [restartedMain] INFO  o.s.b.d.e.DevToolsPropertyDefaultsPostProcessor - Devtools property defaults active! Set 'spring.devtools.add-properties' to 'false' to disable
2025-10-21 09:21:13 [restartedMain] INFO  o.s.b.d.e.DevToolsPropertyDefaultsPostProcessor - For additional web related logging consider setting the 'logging.level.web' property to 'DEBUG'
2025-10-21 09:21:17 [restartedMain] INFO  o.s.d.r.c.RepositoryConfigurationDelegate - Bootstrapping Spring Data JPA repositories in DEFAULT mode.
2025-10-21 09:21:17 [restartedMain] INFO  o.s.d.r.c.RepositoryConfigurationDelegate - Finished Spring Data repository scanning in 313 ms. Found 5 JPA repository interfaces.
2025-10-21 09:21:19 [restartedMain] INFO  o.s.b.w.e.tomcat.TomcatWebServer - Tomcat initialized with port 8080 (http)
2025-10-21 09:21:19 [restartedMain] INFO  o.a.coyote.http11.Http11NioProtocol - Initializing ProtocolHandler ["http-nio-8080"]
2025-10-21 09:21:19 [restartedMain] INFO  o.a.catalina.core.StandardService - Starting service [Tomcat]
2025-10-21 09:21:19 [restartedMain] INFO  o.a.catalina.core.StandardEngine - Starting Servlet engine: [Apache Tomcat/10.1.46]
2025-10-21 09:21:19 [restartedMain] INFO  o.a.c.c.C.[Tomcat].[localhost].[/] - Initializing Spring embedded WebApplicationContext
2025-10-21 09:21:19 [restartedMain] INFO  o.s.b.w.s.c.ServletWebServerApplicationContext - Root WebApplicationContext: initialization completed in 6415 ms
2025-10-21 09:21:20 [restartedMain] INFO  o.h.jpa.internal.util.LogHelper - HHH000204: Processing PersistenceUnitInfo [name: default]
2025-10-21 09:21:21 [restartedMain] INFO  org.hibernate.Version - HHH000412: Hibernate ORM core version 6.6.29.Final
2025-10-21 09:21:21 [restartedMain] INFO  o.h.c.i.RegionFactoryInitiator - HHH000026: Second-level cache disabled
2025-10-21 09:21:22 [restartedMain] INFO  o.s.o.j.p.SpringPersistenceUnitInfo - No LoadTimeWeaver setup: ignoring JPA class transformer
2025-10-21 09:21:22 [restartedMain] INFO  com.zaxxer.hikari.HikariDataSource - HikariPool-1 - Starting...
2025-10-21 09:21:24 [restartedMain] INFO  com.zaxxer.hikari.pool.HikariPool - HikariPool-1 - Added connection com.mysql.cj.jdbc.ConnectionImpl@1a92941a
2025-10-21 09:21:24 [restartedMain] INFO  com.zaxxer.hikari.HikariDataSource - HikariPool-1 - Start completed.
2025-10-21 09:21:24 [restartedMain] WARN  org.hibernate.orm.deprecation - HHH90000025: MySQLDialect does not need to be specified explicitly using 'hibernate.dialect' (remove the property setting and it will be selected by default)
2025-10-21 09:21:24 [restartedMain] INFO  o.hibernate.orm.connections.pooling - HHH10001005: Database info:
	Database JDBC URL [Connecting through datasource 'HikariDataSource (HikariPool-1)']
	Database driver: undefined/unknown
	Database version: 8.0.30
	Autocommit mode: undefined/unknown
	Isolation level: undefined/unknown
	Minimum pool size: undefined/unknown
	Maximum pool size: undefined/unknown
2025-10-21 09:21:28 [restartedMain] INFO  o.h.e.t.j.p.i.JtaPlatformInitiator - HHH000489: No JTA platform available (set 'hibernate.transaction.jta.platform' to enable JTA platform integration)
2025-10-21 09:21:28 [restartedMain] INFO  o.s.o.j.LocalContainerEntityManagerFactoryBean - Initialized JPA EntityManagerFactory for persistence unit 'default'
2025-10-21 09:21:30 [restartedMain] WARN  o.s.b.a.o.j.JpaBaseConfiguration$JpaWebConfiguration - spring.jpa.open-in-view is enabled by default. Therefore, database queries may be performed during view rendering. Explicitly configure spring.jpa.open-in-view to disable this warning
2025-10-21 09:21:31 [restartedMain] INFO  o.s.d.j.r.query.QueryEnhancerFactory - Hibernate is in classpath; If applicable, HQL parser will be used.
2025-10-21 09:21:34 [restartedMain] INFO  o.s.b.d.a.OptionalLiveReloadServer - LiveReload server is running on port 35729
2025-10-21 09:21:34 [restartedMain] INFO  o.a.coyote.http11.Http11NioProtocol - Starting ProtocolHandler ["http-nio-8080"]
2025-10-21 09:21:34 [restartedMain] INFO  o.s.b.w.e.tomcat.TomcatWebServer - Tomcat started on port 8080 (http) with context path '/'
2025-10-21 09:21:34 [restartedMain] INFO  com.vanchuyen.VanchuyenApplication - Started VanchuyenApplication in 22.366 seconds (process running for 25.098)
2025-10-21 09:21:37 [http-nio-8080-exec-1] INFO  o.a.c.c.C.[Tomcat].[localhost].[/] - Initializing Spring DispatcherServlet 'dispatcherServlet'
2025-10-21 09:21:37 [http-nio-8080-exec-1] INFO  o.s.web.servlet.DispatcherServlet - Initializing Servlet 'dispatcherServlet'
2025-10-21 09:21:37 [http-nio-8080-exec-1] INFO  o.s.web.servlet.DispatcherServlet - Completed initialization in 3 ms
2025-10-21 09:21:38 [http-nio-8080-exec-1] DEBUG org.hibernate.SQL - select nd1_0.id from nguoi_dung nd1_0 where nd1_0.tai_khoan=? limit ?
2025-10-21 09:21:39 [http-nio-8080-exec-1] DEBUG org.hibernate.SQL - insert into nguoi_dung (cmnd_cccd,created_at,dia_chi,email,ho_ten,mat_khau,ngay_sinh,so_dien_thoai,tai_khoan,trang_thai,updated_at) values (?,?,?,?,?,?,?,?,?,?,?)
2025-10-21 09:22:42 [File Watcher] INFO  o.s.b.d.a.LocalDevToolsAutoConfiguration$RestartingClassPathChangeChangedEventListener - Restarting due to 1 class path change (0 additions, 0 deletions, 1 modification)
2025-10-21 09:22:42 [Thread-5] INFO  o.s.b.w.e.tomcat.GracefulShutdown - Commencing graceful shutdown. Waiting for active requests to complete
2025-10-21 09:22:42 [tomcat-shutdown] INFO  o.a.coyote.http11.Http11NioProtocol - Pausing ProtocolHandler ["http-nio-8080"]
2025-10-21 09:22:42 [tomcat-shutdown] INFO  o.s.b.w.e.tomcat.GracefulShutdown - Graceful shutdown complete
2025-10-21 09:22:43 [Thread-5] INFO  o.a.coyote.http11.Http11NioProtocol - Stopping ProtocolHandler ["http-nio-8080"]
2025-10-21 09:22:43 [Thread-5] INFO  o.s.o.j.LocalContainerEntityManagerFactoryBean - Closing JPA EntityManagerFactory for persistence unit 'default'
2025-10-21 09:22:43 [Thread-5] INFO  com.zaxxer.hikari.HikariDataSource - HikariPool-1 - Shutdown initiated...
2025-10-21 09:22:43 [Thread-5] INFO  com.zaxxer.hikari.HikariDataSource - HikariPool-1 - Shutdown completed.
2025-10-21 09:22:43 [restartedMain] INFO  com.vanchuyen.VanchuyenApplication - Starting VanchuyenApplication using Java 21.0.7 with PID 5868 (D:\hocJava\vanchuyen\target\classes started by LENOVO in D:\hocJava\vanchuyen)
2025-10-21 09:22:43 [restartedMain] DEBUG com.vanchuyen.VanchuyenApplication - Running with Spring Boot v3.5.6, Spring v6.2.11
2025-10-21 09:22:43 [restartedMain] INFO  com.vanchuyen.VanchuyenApplication - No active profile set, falling back to 1 default profile: "default"
2025-10-21 09:22:44 [restartedMain] INFO  o.s.d.r.c.RepositoryConfigurationDelegate - Bootstrapping Spring Data JPA repositories in DEFAULT mode.
2025-10-21 09:22:44 [restartedMain] INFO  o.s.d.r.c.RepositoryConfigurationDelegate - Finished Spring Data repository scanning in 156 ms. Found 5 JPA repository interfaces.
2025-10-21 09:22:45 [restartedMain] INFO  o.s.b.w.e.tomcat.TomcatWebServer - Tomcat initialized with port 8080 (http)
2025-10-21 09:22:45 [restartedMain] INFO  o.a.coyote.http11.Http11NioProtocol - Initializing ProtocolHandler ["http-nio-8080"]
2025-10-21 09:22:45 [restartedMain] INFO  o.a.catalina.core.StandardService - Starting service [Tomcat]
2025-10-21 09:22:45 [restartedMain] INFO  o.a.catalina.core.StandardEngine - Starting Servlet engine: [Apache Tomcat/10.1.46]
2025-10-21 09:22:45 [restartedMain] INFO  o.a.c.c.C.[Tomcat].[localhost].[/] - Initializing Spring embedded WebApplicationContext
2025-10-21 09:22:45 [restartedMain] INFO  o.s.b.w.s.c.ServletWebServerApplicationContext - Root WebApplicationContext: initialization completed in 2232 ms
2025-10-21 09:22:45 [restartedMain] INFO  o.h.jpa.internal.util.LogHelper - HHH000204: Processing PersistenceUnitInfo [name: default]
2025-10-21 09:22:46 [restartedMain] INFO  o.h.c.i.RegionFactoryInitiator - HHH000026: Second-level cache disabled
2025-10-21 09:22:46 [restartedMain] INFO  o.s.o.j.p.SpringPersistenceUnitInfo - No LoadTimeWeaver setup: ignoring JPA class transformer
2025-10-21 09:22:46 [restartedMain] INFO  com.zaxxer.hikari.HikariDataSource - HikariPool-2 - Starting...
2025-10-21 09:22:46 [restartedMain] INFO  com.zaxxer.hikari.pool.HikariPool - HikariPool-2 - Added connection com.mysql.cj.jdbc.ConnectionImpl@124949d1
2025-10-21 09:22:46 [restartedMain] INFO  com.zaxxer.hikari.HikariDataSource - HikariPool-2 - Start completed.
2025-10-21 09:22:46 [restartedMain] WARN  org.hibernate.orm.deprecation - HHH90000025: MySQLDialect does not need to be specified explicitly using 'hibernate.dialect' (remove the property setting and it will be selected by default)
2025-10-21 09:22:46 [restartedMain] INFO  o.hibernate.orm.connections.pooling - HHH10001005: Database info:
	Database JDBC URL [Connecting through datasource 'HikariDataSource (HikariPool-2)']
	Database driver: undefined/unknown
	Database version: 8.0.30
	Autocommit mode: undefined/unknown
	Isolation level: undefined/unknown
	Minimum pool size: undefined/unknown
	Maximum pool size: undefined/unknown
2025-10-21 09:22:48 [restartedMain] INFO  o.h.e.t.j.p.i.JtaPlatformInitiator - HHH000489: No JTA platform available (set 'hibernate.transaction.jta.platform' to enable JTA platform integration)
2025-10-21 09:22:48 [restartedMain] INFO  o.s.o.j.LocalContainerEntityManagerFactoryBean - Initialized JPA EntityManagerFactory for persistence unit 'default'
2025-10-21 09:22:49 [restartedMain] WARN  o.s.b.a.o.j.JpaBaseConfiguration$JpaWebConfiguration - spring.jpa.open-in-view is enabled by default. Therefore, database queries may be performed during view rendering. Explicitly configure spring.jpa.open-in-view to disable this warning
2025-10-21 09:22:49 [restartedMain] INFO  o.s.b.d.a.OptionalLiveReloadServer - LiveReload server is running on port 35729
2025-10-21 09:22:49 [restartedMain] INFO  o.a.coyote.http11.Http11NioProtocol - Starting ProtocolHandler ["http-nio-8080"]
2025-10-21 09:22:49 [restartedMain] INFO  o.s.b.w.e.tomcat.TomcatWebServer - Tomcat started on port 8080 (http) with context path '/'
2025-10-21 09:22:49 [restartedMain] INFO  com.vanchuyen.VanchuyenApplication - Started VanchuyenApplication in 6.503 seconds (process running for 100.443)
2025-10-21 09:22:49 [restartedMain] INFO  o.s.b.d.a.ConditionEvaluationDeltaLoggingListener - Condition evaluation unchanged
2025-10-21 09:24:27 [SpringApplicationShutdownHook] INFO  o.s.b.w.e.tomcat.GracefulShutdown - Commencing graceful shutdown. Waiting for active requests to complete
2025-10-21 09:24:27 [tomcat-shutdown] INFO  o.s.b.w.e.tomcat.GracefulShutdown - Graceful shutdown complete
2025-10-21 09:24:27 [SpringApplicationShutdownHook] INFO  o.s.o.j.LocalContainerEntityManagerFactoryBean - Closing JPA EntityManagerFactory for persistence unit 'default'
2025-10-21 09:24:27 [SpringApplicationShutdownHook] INFO  com.zaxxer.hikari.HikariDataSource - HikariPool-2 - Shutdown initiated...
2025-10-21 09:24:27 [SpringApplicationShutdownHook] INFO  com.zaxxer.hikari.HikariDataSource - HikariPool-2 - Shutdown completed.
